<?xml version="1.0" encoding="UTF-8" ?>
<testsuite failures="0" time="0.003" errors="0" skipped="0" tests="4" name="fizzbuzz.model.FizzbuzzTest">
  <properties>
[...]
</properties>
  <testcase time="0" classname="fizzbuzz.model.FizzbuzzTest$call\u304C3\u306E\u500D\u6570\u3067\u30825\u306E\u500D\u6570\u3067\u3082\u306A\u3044\u5834\u5408" name="\u7B54\u3048\u306Fcall\u3068\u540C\u3058"/>
  <testcase time="0.001" classname="fizzbuzz.model.FizzbuzzTest$call\u304C3\u306E\u500D\u6570\u304B\u30645\u306E\u500D\u6570\u306E\u5834\u5408" name="\u7B54\u3048\u306Ffizzbuzz"/>
  <testcase time="0" classname="fizzbuzz.model.FizzbuzzTest$call\u304C5\u306E\u500D\u6570\u306E\u5834\u5408" name="\u7B54\u3048\u306Fbuzz"/>
  <testcase time="0" classname="fizzbuzz.model.FizzbuzzTest$call\u304C3\u306E\u500D\u6570\u306E\u5834\u5408" name="\u7B54\u3048\u306Ffizz"/>
</testsuite>